<?xml version="1.0" encoding="UTF-8"?>
<!-- Generated by org.testng.reporters.JUnitReportReporter -->
<testsuite hostname="Sowmya" failures="0" tests="1" name="restAssuredTest1.restAssuredTest" time="4.449" errors="0" timestamp="2022-01-24T14:23:54 IST" skipped="0">
  <testcase classname="restAssuredTest1.restAssuredTest" name="getResposeData" time="4.449"/>
  <system-out/>
</testsuite> <!-- restAssuredTest1.restAssuredTest -->
