<?xml version="1.0" encoding="UTF-8"?>
<!-- Generated by org.testng.reporters.JUnitReportReporter -->
<testsuite hostname="Sowmya" failures="0" tests="10" name="restAssuredTest1.restAssuredTest" time="23.243" errors="0" timestamp="2022-01-24T15:05:57 IST" skipped="0">
  <testcase classname="restAssuredTest1.restAssuredTest" name="getResposeData_7" time="1.289"/>
  <system-out/>
  <testcase classname="restAssuredTest1.restAssuredTest" name="getResposeData_3" time="1.128"/>
  <system-out/>
  <testcase classname="restAssuredTest1.restAssuredTest" name="getResposeData_9" time="1.180"/>
  <system-out/>
  <testcase classname="restAssuredTest1.restAssuredTest" name="getResposeData_5" time="1.736"/>
  <system-out/>
  <testcase classname="restAssuredTest1.restAssuredTest" name="getResposeData_2" time="1.158"/>
  <system-out/>
  <testcase classname="restAssuredTest1.restAssuredTest" name="getResposeData_1" time="11.286"/>
  <system-out/>
  <testcase classname="restAssuredTest1.restAssuredTest" name="getResposeData_4" time="1.331"/>
  <system-out/>
  <testcase classname="restAssuredTest1.restAssuredTest" name="getResposeData_10" time="1.178"/>
  <system-out/>
  <testcase classname="restAssuredTest1.restAssuredTest" name="getResposeData_6" time="1.732"/>
  <system-out/>
  <testcase classname="restAssuredTest1.restAssuredTest" name="getResposeData_8" time="1.225"/>
  <system-out/>
</testsuite> <!-- restAssuredTest1.restAssuredTest -->
