<?xml version="1.0" encoding="UTF-8"?>
<!-- Generated by org.testng.reporters.JUnitReportReporter -->
<testsuite hostname="Sowmya" failures="0" tests="1" name="restAssuredTest1.restAssuredTest" time="8.183" errors="0" timestamp="2022-01-24T13:37:18 IST" skipped="0">
  <testcase classname="restAssuredTest1.restAssuredTest" name="getResposeData" time="8.183"/>
  <system-out/>
</testsuite> <!-- restAssuredTest1.restAssuredTest -->
