<?xml version="1.0" encoding="UTF-8"?>
<!-- Generated by org.testng.reporters.JUnitReportReporter -->
<testsuite hostname="Sowmya" failures="0" tests="19" name="restAssuredTest1.restAssuredTest" time="25.705" errors="0" timestamp="2022-01-31T13:44:42 IST" skipped="0">
  <testcase classname="restAssuredTest1.restAssuredTest" name="getResposeData_10" time="1.285"/>
  <system-out/>
  <testcase classname="restAssuredTest1.restAssuredTest" name="getResposeData_10" time="1.166"/>
  <system-out/>
  <testcase classname="restAssuredTest1.restAssuredTest" name="getResposeData_10" time="1.241"/>
  <system-out/>
  <testcase classname="restAssuredTest1.restAssuredTest" name="getResposeData_8" time="1.174"/>
  <system-out/>
  <testcase classname="restAssuredTest1.restAssuredTest" name="getResposeData_10" time="1.264"/>
  <system-out/>
  <testcase classname="restAssuredTest1.restAssuredTest" name="getResposeData_2" time="1.168"/>
  <system-out/>
  <testcase classname="restAssuredTest1.restAssuredTest" name="getResposeData_9" time="1.198"/>
  <system-out/>
  <testcase classname="restAssuredTest1.restAssuredTest" name="getResposeData_10" time="1.205"/>
  <system-out/>
  <testcase classname="restAssuredTest1.restAssuredTest" name="getResposeData_10" time="1.264"/>
  <system-out/>
  <testcase classname="restAssuredTest1.restAssuredTest" name="getResposeData_6" time="1.206"/>
  <system-out/>
  <testcase classname="restAssuredTest1.restAssuredTest" name="getResposeData_10" time="1.160"/>
  <system-out/>
  <testcase classname="restAssuredTest1.restAssuredTest" name="getResposeData_5" time="1.176"/>
  <system-out/>
  <testcase classname="restAssuredTest1.restAssuredTest" name="getResposeData_7" time="1.154"/>
  <system-out/>
  <testcase classname="restAssuredTest1.restAssuredTest" name="getResposeData_4" time="1.217"/>
  <system-out/>
  <testcase classname="restAssuredTest1.restAssuredTest" name="getResposeData_10" time="1.249"/>
  <system-out/>
  <testcase classname="restAssuredTest1.restAssuredTest" name="getResposeData_3" time="1.221"/>
  <system-out/>
  <testcase classname="restAssuredTest1.restAssuredTest" name="getResposeData_1" time="3.822"/>
  <system-out/>
  <testcase classname="restAssuredTest1.restAssuredTest" name="getResposeData_10" time="1.221"/>
  <system-out/>
  <testcase classname="restAssuredTest1.restAssuredTest" name="getResposeData_10" time="1.314"/>
  <system-out/>
</testsuite> <!-- restAssuredTest1.restAssuredTest -->
